<?xml version="1.0" encoding="UTF-8"?>
<testng-results skipped="0" failed="0" total="1" passed="1">
  <reporter-output>
  </reporter-output>
  <suite name="Default suite" duration-ms="792" started-at="2021-06-17T17:51:20Z" finished-at="2021-06-17T17:51:21Z">
    <groups>
    </groups>
    <test name="Default test" duration-ms="792" started-at="2021-06-17T17:51:20Z" finished-at="2021-06-17T17:51:21Z">
      <class name="Sample.sample123">
        <test-method status="PASS" signature="Postmethodwithpojo1()[pri:0, instance:Sample.sample123@57829d67]" name="Postmethodwithpojo1" duration-ms="776" started-at="2021-06-17T23:21:20Z" finished-at="2021-06-17T23:21:21Z">
          <reporter-output>
          </reporter-output>
        </test-method> <!-- Postmethodwithpojo1 -->
      </class> <!-- Sample.sample123 -->
    </test> <!-- Default test -->
  </suite> <!-- Default suite -->
</testng-results>
